
Showing logs for build [32mpow-devops2020-awesomenody-mast-x56hx-1[0m stage [32mfrom-build-pack[0m and container [32mstep-credential-initializer-btbrt[0m
{"level":"info","ts":1598945803.1654518,"logger":"fallback-logger","caller":"logging/config.go:69","msg":"Fetch GitHub commit ID from kodata failed: open /var/run/ko/refs/heads/0.8.0-ns-support: no such file or directory"}
{"level":"info","ts":1598945803.1658034,"logger":"fallback-logger","caller":"creds-init/main.go:40","msg":"Credentials initialized."}

Showing logs for build [32mpow-devops2020-awesomenody-mast-x56hx-1[0m stage [32mfrom-build-pack[0m and container [32mstep-working-dir-initializer-crsp6[0m
{"level":"info","ts":1598945804.1235218,"logger":"fallback-logger","caller":"logging/config.go:69","msg":"Fetch GitHub commit ID from kodata failed: open /var/run/ko/HEAD: no such file or directory"}
{"level":"info","ts":1598945804.1241503,"logger":"fallback-logger","caller":"bash/main.go:64","msg":"Successfully executed command \"sh -c mkdir -p /workspace/source\"; output "}

Showing logs for build [32mpow-devops2020-awesomenody-mast-x56hx-1[0m stage [32mfrom-build-pack[0m and container [32mstep-place-tools[0m

Showing logs for build [32mpow-devops2020-awesomenody-mast-x56hx-1[0m stage [32mfrom-build-pack[0m and container [32mstep-git-source-pow-devops2020-awesomenody-mast-x56hx-45xw2[0m
{"level":"info","ts":1598948526.7493942,"logger":"fallback-logger","caller":"logging/config.go:69","msg":"Fetch GitHub commit ID from kodata failed: open /var/run/ko/refs/heads/0.8.0-ns-support: no such file or directory"}
{"level":"info","ts":1598948532.149449,"logger":"fallback-logger","caller":"git/git.go:103","msg":"Successfully cloned https://github.com/**************/awesomenody.git @ v1.0.1 in path /workspace/source"}

Showing logs for build [32mpow-devops2020-awesomenody-mast-x56hx-1[0m stage [32mfrom-build-pack[0m and container [32mstep-setup-builder-home[0m

Showing logs for build [32mpow-devops2020-awesomenody-mast-x56hx-1[0m stage [32mfrom-build-pack[0m and container [32mstep-git-merge[0m
Using SHAs from PULL_REFS=master:
WARNING: no SHAs to merge, falling back to initial cloned commit

Showing logs for build [32mpow-devops2020-awesomenody-mast-x56hx-1[0m stage [32mfrom-build-pack[0m and container [32mstep-setup-jx-git-credentials[0m
Generated Git credentials file /workspace/xdg_config/git/credentials

Showing logs for build [32mpow-devops2020-awesomenody-mast-x56hx-1[0m stage [32mfrom-build-pack[0m and container [32mstep-build-npmrc[0m
WARNING: failed to find Secret npm-token in namespace **

Showing logs for build [32mpow-devops2020-awesomenody-mast-x56hx-1[0m stage [32mfrom-build-pack[0m and container [32mstep-build-npm-install[0m
npm notice created a lockfile as package-lock.json. You should commit this file.
npm WARN REPLACE_ME@1.0.1 No repository field.
npm WARN REPLACE_ME@1.0.1 No license field.

up to date in 0.976s
found 0 vulnerabilities


Showing logs for build [32mpow-devops2020-awesomenody-mast-x56hx-1[0m stage [32mfrom-build-pack[0m and container [32mstep-build-npm-test[0m

> REPLACE_ME@1.0.1 test /workspace/source
> echo "no test specified" && exit 0

no test specified

Showing logs for build [32mpow-devops2020-awesomenody-mast-x56hx-1[0m stage [32mfrom-build-pack[0m and container [32mstep-build-container-build[0m
error checking push permissions -- make sure you entered the correct tag name, and that you are authenticated correctly, and try again: checking push permission for "docker.io/******/awesomenody:1.0.1": UNAUTHORIZED: authentication required; [map[Action:pull Class: Name:******/awesomenody Type:repository] map[Action:push Class: Name:******/awesomenody Type:repository]]
[31m
Pipeline failed on stage 'from-build-pack' : container 'step-build-container-build'. The execution of the pipeline has stopped.[0m
