
Showing logs for build [32mpow-devops2020-awesomenody-pr-3-lww8p-2[0m stage [32mfrom-build-pack[0m and container [32mstep-credential-initializer-jrstx[0m
{"level":"info","ts":1599044110.8461661,"logger":"fallback-logger","caller":"logging/config.go:69","msg":"Fetch GitHub commit ID from kodata failed: open /var/run/ko/refs/heads/0.8.0-ns-support: no such file or directory"}
{"level":"info","ts":1599044110.8465044,"logger":"fallback-logger","caller":"creds-init/main.go:40","msg":"Credentials initialized."}

Showing logs for build [32mpow-devops2020-awesomenody-pr-3-lww8p-2[0m stage [32mfrom-build-pack[0m and container [32mstep-working-dir-initializer-25vf2[0m
{"level":"info","ts":1599044111.3079417,"logger":"fallback-logger","caller":"logging/config.go:69","msg":"Fetch GitHub commit ID from kodata failed: open /var/run/ko/HEAD: no such file or directory"}
{"level":"info","ts":1599044111.3087857,"logger":"fallback-logger","caller":"bash/main.go:64","msg":"Successfully executed command \"sh -c mkdir -p /workspace/source\"; output "}

Showing logs for build [32mpow-devops2020-awesomenody-pr-3-lww8p-2[0m stage [32mfrom-build-pack[0m and container [32mstep-place-tools[0m

Showing logs for build [32mpow-devops2020-awesomenody-pr-3-lww8p-2[0m stage [32mfrom-build-pack[0m and container [32mstep-git-source-pow-devops2020-awesomenody-pr-3-lww8p-8mrgv[0m
{"level":"info","ts":1599044117.3771613,"logger":"fallback-logger","caller":"logging/config.go:69","msg":"Fetch GitHub commit ID from kodata failed: open /var/run/ko/refs/heads/0.8.0-ns-support: no such file or directory"}
{"level":"info","ts":1599044121.3646772,"logger":"fallback-logger","caller":"git/git.go:103","msg":"Successfully cloned https://github.com/**************/awesomenody.git @ master in path /workspace/source"}

Showing logs for build [32mpow-devops2020-awesomenody-pr-3-lww8p-2[0m stage [32mfrom-build-pack[0m and container [32mstep-setup-builder-home[0m

Showing logs for build [32mpow-devops2020-awesomenody-pr-3-lww8p-2[0m stage [32mfrom-build-pack[0m and container [32mstep-git-merge[0m
Using SHAs from PULL_REFS=master:6872fd34f78eb7f63b13e49382b9bd2c54be46ad,3:f53a7c9f14b2922246daaca429d3d4c74671bff4
DEBUG: JX_LOG_LEVEL=error LC_ALL=C git fetch origin --unshallow f53a7c9f14b2922246daaca429d3d4c74671bff4: 6872fd34f78eb7f63b13e49382b9bd2c54be46ad:
DEBUG: ran git fetch --unshallow origin f53a7c9f14b2922246daaca429d3d4c74671bff4: 6872fd34f78eb7f63b13e49382b9bd2c54be46ad: in 
DEBUG: LC_ALL=C JX_LOG_LEVEL=error git branch
DEBUG: LC_ALL=C JX_LOG_LEVEL=error git checkout master
DEBUG: ran git checkout master in 
DEBUG: LC_ALL=C JX_LOG_LEVEL=error git reset --hard 6872fd34f78eb7f63b13e49382b9bd2c54be46ad
DEBUG: ran git reset --hard 6872fd34f78eb7f63b13e49382b9bd2c54be46ad in 
DEBUG: LC_ALL=C JX_LOG_LEVEL=error git clean -fd .
DEBUG: ran clean --force -d . in 
DEBUG: LC_ALL=C JX_LOG_LEVEL=error git merge f53a7c9f14b2922246daaca429d3d4c74671bff4
DEBUG: ran git merge f53a7c9f14b2922246daaca429d3d4c74671bff4 in 
DEBUG: LC_ALL=C JX_LOG_LEVEL=error git log --format=%H%x1f%an%x1f%ae%x1f%cn%x1f%ce%x1f%s%n%b%x1e 6872fd34f78eb7f63b13e49382b9bd2c54be46ad..HEAD
Merged SHA f53a7c9f14b2922246daaca429d3d4c74671bff4 with commit message 'Update index.html' into base branch master

Showing logs for build [32mpow-devops2020-awesomenody-pr-3-lww8p-2[0m stage [32mfrom-build-pack[0m and container [32mstep-build-npmrc[0m
WARNING: failed to find Secret npm-token in namespace **

Showing logs for build [32mpow-devops2020-awesomenody-pr-3-lww8p-2[0m stage [32mfrom-build-pack[0m and container [32mstep-build-npm-install[0m
npm notice created a lockfile as package-lock.json. You should commit this file.
npm WARN REPLACE_ME@1.0.0 No repository field.
npm WARN REPLACE_ME@1.0.0 No license field.

up to date in 1.079s
found 0 vulnerabilities


Showing logs for build [32mpow-devops2020-awesomenody-pr-3-lww8p-2[0m stage [32mfrom-build-pack[0m and container [32mstep-build-npm-test[0m

> REPLACE_ME@1.0.0 test /workspace/source
> echo "no test specified" && exit 0

no test specified

Showing logs for build [32mpow-devops2020-awesomenody-pr-3-lww8p-2[0m stage [32mfrom-build-pack[0m and container [32mstep-build-container-build[0m
error checking push permissions -- make sure you entered the correct tag name, and that you are authenticated correctly, and try again: checking push permission for "docker.io/******/awesomenody:0.0.0-SNAPSHOT-PR-3-2": resolving authorization for index.docker.io failed: /kaniko/.docker/config.json: illegal base64 data at input byte 8
[31m
Pipeline failed on stage 'from-build-pack' : container 'step-build-container-build'. The execution of the pipeline has stopped.[0m
