
Showing logs for build [32mpow-devops2020-awesomenody-pr-2-npw2j-1[0m stage [32mfrom-build-pack[0m and container [32mstep-credential-initializer-h5kgc[0m
{"level":"info","ts":1599039207.6268213,"logger":"fallback-logger","caller":"logging/config.go:69","msg":"Fetch GitHub commit ID from kodata failed: open /var/run/ko/refs/heads/0.8.0-ns-support: no such file or directory"}
{"level":"info","ts":1599039207.6271403,"logger":"fallback-logger","caller":"creds-init/main.go:40","msg":"Credentials initialized."}

Showing logs for build [32mpow-devops2020-awesomenody-pr-2-npw2j-1[0m stage [32mfrom-build-pack[0m and container [32mstep-working-dir-initializer-mmhq5[0m
{"level":"info","ts":1599039208.110598,"logger":"fallback-logger","caller":"logging/config.go:69","msg":"Fetch GitHub commit ID from kodata failed: open /var/run/ko/HEAD: no such file or directory"}
{"level":"info","ts":1599039208.1114295,"logger":"fallback-logger","caller":"bash/main.go:64","msg":"Successfully executed command \"sh -c mkdir -p /workspace/source\"; output "}

Showing logs for build [32mpow-devops2020-awesomenody-pr-2-npw2j-1[0m stage [32mfrom-build-pack[0m and container [32mstep-place-tools[0m

Showing logs for build [32mpow-devops2020-awesomenody-pr-2-npw2j-1[0m stage [32mfrom-build-pack[0m and container [32mstep-git-source-pow-devops2020-awesomenody-pr-2-npw2j-sl6pd[0m
{"level":"info","ts":1599039543.2740748,"logger":"fallback-logger","caller":"logging/config.go:69","msg":"Fetch GitHub commit ID from kodata failed: open /var/run/ko/refs/heads/0.8.0-ns-support: no such file or directory"}
{"level":"info","ts":1599039547.163811,"logger":"fallback-logger","caller":"git/git.go:103","msg":"Successfully cloned https://github.com/**************/awesomenody.git @ master in path /workspace/source"}

Showing logs for build [32mpow-devops2020-awesomenody-pr-2-npw2j-1[0m stage [32mfrom-build-pack[0m and container [32mstep-setup-builder-home[0m

Showing logs for build [32mpow-devops2020-awesomenody-pr-2-npw2j-1[0m stage [32mfrom-build-pack[0m and container [32mstep-git-merge[0m
Using SHAs from PULL_REFS=master:6872fd34f78eb7f63b13e49382b9bd2c54be46ad,2:6b9d1fd7fdf861778c5aa11c4d2773fde8b459b0
DEBUG: LC_ALL=C JX_LOG_LEVEL=error git fetch origin --unshallow 6b9d1fd7fdf861778c5aa11c4d2773fde8b459b0: 6872fd34f78eb7f63b13e49382b9bd2c54be46ad:
DEBUG: ran git fetch --unshallow origin 6b9d1fd7fdf861778c5aa11c4d2773fde8b459b0: 6872fd34f78eb7f63b13e49382b9bd2c54be46ad: in 
DEBUG: LC_ALL=C JX_LOG_LEVEL=error git branch
DEBUG: LC_ALL=C JX_LOG_LEVEL=error git checkout master
DEBUG: ran git checkout master in 
DEBUG: JX_LOG_LEVEL=error LC_ALL=C git reset --hard 6872fd34f78eb7f63b13e49382b9bd2c54be46ad
DEBUG: ran git reset --hard 6872fd34f78eb7f63b13e49382b9bd2c54be46ad in 
DEBUG: LC_ALL=C JX_LOG_LEVEL=error git clean -fd .
DEBUG: ran clean --force -d . in 
DEBUG: LC_ALL=C JX_LOG_LEVEL=error git merge 6b9d1fd7fdf861778c5aa11c4d2773fde8b459b0
DEBUG: ran git merge 6b9d1fd7fdf861778c5aa11c4d2773fde8b459b0 in 
DEBUG: LC_ALL=C JX_LOG_LEVEL=error git log --format=%H%x1f%an%x1f%ae%x1f%cn%x1f%ce%x1f%s%n%b%x1e 6872fd34f78eb7f63b13e49382b9bd2c54be46ad..HEAD
Merged SHA 6b9d1fd7fdf861778c5aa11c4d2773fde8b459b0 with commit message 'Update index.html' into base branch master

Showing logs for build [32mpow-devops2020-awesomenody-pr-2-npw2j-1[0m stage [32mfrom-build-pack[0m and container [32mstep-build-npmrc[0m
WARNING: failed to find Secret npm-token in namespace **

Showing logs for build [32mpow-devops2020-awesomenody-pr-2-npw2j-1[0m stage [32mfrom-build-pack[0m and container [32mstep-build-npm-install[0m
npm notice created a lockfile as package-lock.json. You should commit this file.
npm WARN REPLACE_ME@1.0.0 No repository field.
npm WARN REPLACE_ME@1.0.0 No license field.

up to date in 0.826s
found 0 vulnerabilities


Showing logs for build [32mpow-devops2020-awesomenody-pr-2-npw2j-1[0m stage [32mfrom-build-pack[0m and container [32mstep-build-npm-test[0m

> REPLACE_ME@1.0.0 test /workspace/source
> echo "no test specified" && exit 0

no test specified

Showing logs for build [32mpow-devops2020-awesomenody-pr-2-npw2j-1[0m stage [32mfrom-build-pack[0m and container [32mstep-build-container-build[0m
[36mINFO[0m[0003] Resolved base name node:9-slim to node:9-slim 
[36mINFO[0m[0003] Using dockerignore file: /workspace/source/.dockerignore 
[36mINFO[0m[0003] Resolved base name node:9-slim to node:9-slim 
[36mINFO[0m[0003] Retrieving image manifest node:9-slim        
[36mINFO[0m[0007] Retrieving image manifest node:9-slim        
[36mINFO[0m[0012] Built cross stage deps: map[]                
[36mINFO[0m[0012] Retrieving image manifest node:9-slim        
[36mINFO[0m[0014] Retrieving image manifest node:9-slim        
[36mINFO[0m[0016] cmd: EXPOSE                                  
[36mINFO[0m[0016] Adding exposed port: 8080/tcp                
[36mINFO[0m[0016] Checking for cached layer docker.io/******/cache:2e4463a55677d3b416bb9e056c2deba7fe088d1ced74f78e5a591780b03e8bac... 
[36mINFO[0m[0018] No cached layer found for cmd COPY . .       
[36mINFO[0m[0018] Unpacking rootfs as cmd COPY . . requires it. 
[36mINFO[0m[0029] Taking snapshot of full filesystem...        
[36mINFO[0m[0030] Resolving paths                              
[36mINFO[0m[0031] ENV PORT 8080                                
[36mINFO[0m[0031] No files changed in this command, skipping snapshotting. 
[36mINFO[0m[0031] EXPOSE 8080                                  
[36mINFO[0m[0031] cmd: EXPOSE                                  
[36mINFO[0m[0031] Adding exposed port: 8080/tcp                
[36mINFO[0m[0031] No files changed in this command, skipping snapshotting. 
[36mINFO[0m[0031] WORKDIR /usr/src/app                         
[36mINFO[0m[0031] cmd: workdir                                 
[36mINFO[0m[0031] Changed working directory to /usr/src/app    
[36mINFO[0m[0031] Creating directory /usr/src/app              
[36mINFO[0m[0031] Resolving paths                              
[36mINFO[0m[0031] Taking snapshot of files...                  
[36mINFO[0m[0031] COPY . .                                     
[36mINFO[0m[0031] Resolving paths                              
[36mINFO[0m[0031] Taking snapshot of files...                  
[36mINFO[0m[0031] Pushing layer docker.io/******/cache:2e4463a55677d3b416bb9e056c2deba7fe088d1ced74f78e5a591780b03e8bac to cache now 
[36mINFO[0m[0031] CMD ["npm", "start"]                         
[36mINFO[0m[0031] No files changed in this command, skipping snapshotting. 
error pushing image: failed to push to destination docker.io/******/awesomenody:0.0.0-SNAPSHOT-PR-2-1: UNAUTHORIZED: authentication required; [map[Action:pull Class: Name:******/awesomenody Type:repository] map[Action:push Class: Name:******/awesomenody Type:repository] map[Action:pull Class: Name:library/node Type:repository]]
[31m
Pipeline failed on stage 'from-build-pack' : container 'step-build-container-build'. The execution of the pipeline has stopped.[0m
